<?xml version="1.0" encoding="UTF-8"?>
<!-- Generated by org.testng.reporters.JUnitReportReporter -->
<testsuite skipped="0" hostname="NB-rahmat_zai" name="com.truemoney.Tes" tests="1" failures="0" timestamp="28 Jul 2017 02:56:54 GMT" time="0.071" errors="0">
  <testcase name="getEmployeesFromDataBase" time="0.071" classname="com.truemoney.Tes"/>
</testsuite> <!-- com.truemoney.Tes -->
